-------------------------------------------------------------------------------
Test set: TestSuite
-------------------------------------------------------------------------------
Tests run: 1, Failures: 1, Errors: 0, Skipped: 0, Time elapsed: 40.281 s <<< FAILURE! - in TestSuite
TestRunner.TestRunner.runScenario  Time elapsed: 34.741 s  <<< FAILURE!
java.lang.AssertionError: expected [https://www.smartbazaar.com/] but found [Smartbazaar â€“ World of Asian Foods]

