<?xml version="1.0" encoding="UTF-8"?>
<!-- Generated by org.testng.reporters.JUnitReportReporter -->
<testsuite hostname="LAPTOP-TL6DCTVA" failures="0" tests="1" name="TestRunner.TestRunner" time="136.526" errors="0" timestamp="2023-03-05T02:28:46 GMT" skipped="0">
  <testcase classname="TestRunner.TestRunner" name="runScenario" time="136.526"/>
  <system-out>
    <![CDATA[expected [https://www.smartbazaar.co.uk/] but found [Smartbazaar – World of Asian Foods]]]>
  </system-out>
</testsuite> <!-- TestRunner.TestRunner -->
