<?xml version="1.0" encoding="UTF-8"?>
<testng-results ignored="0" total="1" passed="1" failed="0" skipped="0">
  <reporter-output>
    <line>
      <![CDATA[expected [https://www.smartbazaar.co.uk/] but found [Smartbazaar – World of Asian Foods]]]>
    </line>
  </reporter-output>
  <suite started-at="2023-03-05T02:26:28 GMT" name="Default Suite" finished-at="2023-03-05T02:28:45 GMT" duration-ms="137377">
    <groups>
      <group name="cucumber">
        <method signature="AbstractTestNGCucumberTests.runScenario(io.cucumber.testng.PickleWrapper,io.cucumber.testng.FeatureWrapper)[pri:0, instance:TestRunner.TestRunner@34f7cfd9]" name="runScenario" class="io.cucumber.testng.AbstractTestNGCucumberTests"/>
      </group> <!-- cucumber -->
    </groups>
    <test started-at="2023-03-05T02:26:28 GMT" name="org.Smartbazar.com" finished-at="2023-03-05T02:28:45 GMT" duration-ms="137377">
      <class name="TestRunner.TestRunner">
        <test-method is-config="true" signature="setUpClass(org.testng.ITestContext)[pri:0, instance:TestRunner.TestRunner@34f7cfd9]" started-at="2023-03-05T02:26:28 GMT" name="setUpClass" finished-at="2023-03-05T02:26:28 GMT" duration-ms="495" status="PASS">
          <params>
            <param index="0">
              <value>
                <![CDATA[org.testng.TestRunner@2ab0702e]]>
              </value>
            </param>
          </params>
          <reporter-output>
          </reporter-output>
        </test-method> <!-- setUpClass -->
        <test-method signature="runScenario(io.cucumber.testng.PickleWrapper,io.cucumber.testng.FeatureWrapper)[pri:0, instance:TestRunner.TestRunner@34f7cfd9]" started-at="2023-03-05T02:26:28 GMT" name="runScenario" description="Runs Cucumber Scenarios" data-provider="scenarios" finished-at="2023-03-05T02:28:45 GMT" duration-ms="136526" status="PASS">
          <params>
            <param index="0">
              <value>
                <![CDATA["User wants to check the whether the application is opening or not."]]>
              </value>
            </param>
            <param index="1">
              <value>
                <![CDATA["Test case for checking the title of the application."]]>
              </value>
            </param>
          </params>
          <reporter-output>
            <line>
              <![CDATA[expected [https://www.smartbazaar.co.uk/] but found [Smartbazaar – World of Asian Foods]]]>
            </line>
          </reporter-output>
        </test-method> <!-- runScenario -->
        <test-method is-config="true" signature="tearDownClass()[pri:0, instance:TestRunner.TestRunner@34f7cfd9]" started-at="2023-03-05T02:28:45 GMT" name="tearDownClass" finished-at="2023-03-05T02:28:45 GMT" duration-ms="112" status="PASS">
          <reporter-output>
          </reporter-output>
        </test-method> <!-- tearDownClass -->
      </class> <!-- TestRunner.TestRunner -->
    </test> <!-- org.Smartbazar.com -->
  </suite> <!-- Default Suite -->
</testng-results>
